GROUP,PACKAGE,CLASS,INSTRUCTION_MISSED,INSTRUCTION_COVERED,BRANCH_MISSED,BRANCH_COVERED,LINE_MISSED,LINE_COVERED,COMPLEXITY_MISSED,COMPLEXITY_COVERED,METHOD_MISSED,METHOD_COVERED
projetos,com.example.projeto.projeto,ProjetoService,0,87,0,10,0,19,0,9,0,4
projetos,com.example.projeto.projeto,ProjetoController,16,3,0,0,3,1,3,1,3,1
projetos,com.example.projeto.projeto,ProjetoModel,3,47,0,0,1,19,1,12,1,12
projetos,com.example.projeto,ProjetoApplication,5,3,0,0,2,1,1,1,1,1
projetos,com.example.projeto.usuario,UsuarioService,14,3,0,0,3,1,1,1,1,1
projetos,com.example.projeto.usuario,TimeNaoEncontrandoException,4,0,0,0,1,0,1,0,1,0
projetos,com.example.projeto.usuario,UsuarioDTO,10,7,0,0,4,3,3,2,3,2
